2024-12-23 16:45:14 - Starting CommentServiceApplication using Java 21.0.3 with PID 22548 (D:\Projects\project-GijsRommers\backend-java\ExamenProject\comment-service\target\classes started by gijsr in D:\Projects\project-GijsRommers\backend-java\ExamenProject)
2024-12-23 16:45:14 - No active profile set, falling back to 1 default profile: "default"
2024-12-23 16:45:14 - Fetching config from server at : http://localhost:8088/
2024-12-23 16:45:14 - Exception on Url - http://localhost:8088/:org.springframework.web.client.ResourceAccessException: I/O error on GET request for "http://localhost:8088/comment-service/default": Connection refused: getsockopt. Will be trying the next url if available
2024-12-23 16:45:14 - Could not locate PropertySource ([ConfigServerConfigDataResource@6974a715 uris = array<String>['http://localhost:8088/'], optional = true, profiles = 'default']): I/O error on GET request for "http://localhost:8088/comment-service/default": Connection refused: getsockopt
2024-12-23 16:45:14 - Fetching config from server at : http://localhost:8088/
2024-12-23 16:45:14 - Exception on Url - http://localhost:8088/:org.springframework.web.client.ResourceAccessException: I/O error on GET request for "http://localhost:8088/comment-service/default": Connection refused: getsockopt. Will be trying the next url if available
2024-12-23 16:45:14 - Could not locate PropertySource ([ConfigServerConfigDataResource@d4602a uris = array<String>['http://localhost:8088/'], optional = true, profiles = 'default']): I/O error on GET request for "http://localhost:8088/comment-service/default": Connection refused: getsockopt
2024-12-23 16:45:14 - Fetching config from server at : http://localhost:8088/
2024-12-23 16:45:14 - Exception on Url - http://localhost:8088/:org.springframework.web.client.ResourceAccessException: I/O error on GET request for "http://localhost:8088/comment-service/default": Connection refused: getsockopt. Will be trying the next url if available
2024-12-23 16:45:14 - Could not locate PropertySource ([ConfigServerConfigDataResource@21ae6e73 uris = array<String>['http://localhost:8088/'], optional = true, profiles = 'default']): I/O error on GET request for "http://localhost:8088/comment-service/default": Connection refused: getsockopt
2024-12-23 16:45:15 - Bootstrapping Spring Data JPA repositories in DEFAULT mode.
2024-12-23 16:45:15 - Finished Spring Data repository scanning in 8 ms. Found 0 JPA repository interfaces.
2024-12-23 16:45:15 - BeanFactory id=398e7a82-fd18-3118-909a-0793811e45c1
2024-12-23 16:45:15 - HV000001: Hibernate Validator 8.0.2.Final
2024-12-23 16:45:15 - Starting ConfigServiceApplication using Java 21.0.3 with PID 7740 (D:\Projects\project-GijsRommers\backend-java\ExamenProject\config-service\target\classes started by gijsr in D:\Projects\project-GijsRommers\backend-java\ExamenProject)
2024-12-23 16:45:15 - The following 1 profile is active: "native"
2024-12-23 16:45:15 - Tomcat initialized with port 8080 (http)
2024-12-23 16:45:15 - Initializing ProtocolHandler ["http-nio-8080"]
2024-12-23 16:45:15 - Starting service [Tomcat]
2024-12-23 16:45:15 - Starting Servlet engine: [Apache Tomcat/10.1.34]
2024-12-23 16:45:15 - Initializing Spring embedded WebApplicationContext
2024-12-23 16:45:15 - Root WebApplicationContext: initialization completed in 1099 ms
2024-12-23 16:45:15 - Exception encountered during context initialization - cancelling refresh attempt: org.springframework.beans.factory.BeanCreationException: Error creating bean with name 'entityManagerFactory' defined in class path resource [org/springframework/boot/autoconfigure/orm/jpa/HibernateJpaConfiguration.class]: Failed to initialize dependency 'dataSourceScriptDatabaseInitializer' of LoadTimeWeaverAware bean 'entityManagerFactory': Error creating bean with name 'dataSourceScriptDatabaseInitializer' defined in class path resource [org/springframework/boot/autoconfigure/sql/init/DataSourceInitializationConfiguration.class]: Unsatisfied dependency expressed through method 'dataSourceScriptDatabaseInitializer' parameter 0: Error creating bean with name 'dataSource' defined in class path resource [org/springframework/boot/autoconfigure/jdbc/DataSourceConfiguration$Hikari.class]: Failed to instantiate [com.zaxxer.hikari.HikariDataSource]: Factory method 'dataSource' threw exception with message: Failed to determine a suitable driver class
2024-12-23 16:45:15 - Stopping service [Tomcat]
2024-12-23 16:45:15 - 

Error starting ApplicationContext. To display the condition evaluation report re-run your application with 'debug' enabled.
2024-12-23 16:45:15 - 

***************************
APPLICATION FAILED TO START
***************************

Description:

Failed to configure a DataSource: 'url' attribute is not specified and no embedded datasource could be configured.

Reason: Failed to determine a suitable driver class


Action:

Consider the following:
	If you want an embedded database (H2, HSQL or Derby), please put it on the classpath.
	If you have database settings to be loaded from a particular profile you may need to activate it (no profiles are currently active).

2024-12-23 16:45:16 - BeanFactory id=1aedd280-0ac1-3d9a-aef0-d37bc3267b74
2024-12-23 16:45:16 - Tomcat initialized with port 8088 (http)
2024-12-23 16:45:16 - Initializing ProtocolHandler ["http-nio-8088"]
2024-12-23 16:45:16 - Starting service [Tomcat]
2024-12-23 16:45:16 - Starting Servlet engine: [Apache Tomcat/10.1.34]
2024-12-23 16:45:16 - Initializing Spring embedded WebApplicationContext
2024-12-23 16:45:16 - Root WebApplicationContext: initialization completed in 855 ms
2024-12-23 16:45:17 - Starting ProtocolHandler ["http-nio-8088"]
2024-12-23 16:45:17 - Tomcat started on port 8088 (http) with context path '/'
2024-12-23 16:45:17 - Started ConfigServiceApplication in 1.9 seconds (process running for 2.471)
2024-12-23 16:45:17 - Initializing Spring DispatcherServlet 'dispatcherServlet'
2024-12-23 16:45:17 - Initializing Servlet 'dispatcherServlet'
2024-12-23 16:45:17 - Completed initialization in 1 ms
2024-12-23 16:45:17 - Adding property source: Config resource 'class path resource [config/discovery-service.properties]' via location 'optional:classpath:/config/'
2024-12-23 16:45:17 - Starting DiscoveryServiceApplication using Java 21.0.3 with PID 10620 (D:\Projects\project-GijsRommers\backend-java\ExamenProject\discovery-service\target\classes started by gijsr in D:\Projects\project-GijsRommers\backend-java\ExamenProject)
2024-12-23 16:45:17 - No active profile set, falling back to 1 default profile: "default"
2024-12-23 16:45:17 - Fetching config from server at : http://localhost:8088/
2024-12-23 16:45:17 - Located environment: name=discovery-service, profiles=[default], label=null, version=null, state=null
2024-12-23 16:45:18 - BeanFactory id=d277603c-06c3-31c0-9e83-616e1b6169f6
2024-12-23 16:45:18 - Tomcat initialized with port 8061 (http)
2024-12-23 16:45:18 - Initializing ProtocolHandler ["http-nio-8061"]
2024-12-23 16:45:18 - Starting service [Tomcat]
2024-12-23 16:45:18 - Starting Servlet engine: [Apache Tomcat/10.1.34]
2024-12-23 16:45:18 - Adding property source: Config resource 'class path resource [config/post-service.properties]' via location 'optional:classpath:/config/'
2024-12-23 16:45:19 - Initializing Spring embedded WebApplicationContext
2024-12-23 16:45:19 - Root WebApplicationContext: initialization completed in 1079 ms
2024-12-23 16:45:19 - Starting PostServiceApplication using Java 21.0.3 with PID 1392 (D:\Projects\project-GijsRommers\backend-java\ExamenProject\post-service\target\classes started by gijsr in D:\Projects\project-GijsRommers\backend-java\ExamenProject)
2024-12-23 16:45:19 - No active profile set, falling back to 1 default profile: "default"
2024-12-23 16:45:19 - Fetching config from server at : http://localhost:8088/
2024-12-23 16:45:19 - Located environment: name=post-service, profiles=[default], label=null, version=null, state=null
2024-12-23 16:45:19 - Using JSON encoding codec LegacyJacksonJson
2024-12-23 16:45:19 - Using JSON decoding codec LegacyJacksonJson
2024-12-23 16:45:19 - Bootstrapping Spring Data JPA repositories in DEFAULT mode.
2024-12-23 16:45:19 - Finished Spring Data repository scanning in 10 ms. Found 0 JPA repository interfaces.
2024-12-23 16:45:19 - Using XML encoding codec XStreamXml
2024-12-23 16:45:19 - Using XML decoding codec XStreamXml
2024-12-23 16:45:20 - BeanFactory id=4025b11c-6dc8-33ac-ac58-95b640a867f3
2024-12-23 16:45:20 - Failed to set up a Bean Validation provider: jakarta.validation.NoProviderFoundException: Unable to create a Configuration, because no Jakarta Bean Validation provider could be found. Add a provider like Hibernate Validator (RI) to your classpath.
2024-12-23 16:45:20 - Tomcat initialized with port 8080 (http)
2024-12-23 16:45:20 - Initializing ProtocolHandler ["http-nio-8080"]
2024-12-23 16:45:20 - Starting service [Tomcat]
2024-12-23 16:45:20 - Starting Servlet engine: [Apache Tomcat/10.1.34]
2024-12-23 16:45:20 - Initializing Spring embedded WebApplicationContext
2024-12-23 16:45:20 - Root WebApplicationContext: initialization completed in 1190 ms
2024-12-23 16:45:20 - Adding property source: Config resource 'class path resource [config/review-service.properties]' via location 'optional:classpath:/config/'
2024-12-23 16:45:20 - HikariPool-1 - Starting...
2024-12-23 16:45:20 - Spring Cloud LoadBalancer is currently working with the default cache. While this cache implementation is useful for development and tests, it's recommended to use Caffeine cache in production.You can switch to using Caffeine cache, by adding it and org.springframework.cache.caffeine.CaffeineCacheManager to the classpath.
2024-12-23 16:45:20 - Setting initial instance status as: STARTING
2024-12-23 16:45:20 - Initializing Eureka in region us-east-1
2024-12-23 16:45:20 - Client configured to neither register nor query for data.
2024-12-23 16:45:20 - Discovery Client initialized at timestamp 1734968720659 with initial instances count: 0
2024-12-23 16:45:20 - HikariPool-1 - Added connection org.postgresql.jdbc.PgConnection@5dd747c1
2024-12-23 16:45:20 - HikariPool-1 - Start completed.
2024-12-23 16:45:20 - Initializing ...
2024-12-23 16:45:20 - The replica size seems to be empty. Check the route 53 DNS Registry
2024-12-23 16:45:20 - Finished initializing remote region registries. All known remote regions: []
2024-12-23 16:45:20 - Initialized
2024-12-23 16:45:20 - Exposing 1 endpoint beneath base path '/actuator'
2024-12-23 16:45:20 - HHH000204: Processing PersistenceUnitInfo [name: default]
2024-12-23 16:45:20 - HHH000412: Hibernate ORM core version 6.6.4.Final
2024-12-23 16:45:20 - Registering application DISCOVERY-SERVICE with eureka with status UP
2024-12-23 16:45:20 - Starting ProtocolHandler ["http-nio-8061"]
2024-12-23 16:45:20 - isAws returned false
2024-12-23 16:45:20 - Initialized server context
2024-12-23 16:45:20 - Got 1 instances from neighboring DS node
2024-12-23 16:45:20 - Renew threshold is: 1
2024-12-23 16:45:20 - Changing status to UP
2024-12-23 16:45:20 - Started Eureka Server
2024-12-23 16:45:20 - Tomcat started on port 8061 (http) with context path '/'
2024-12-23 16:45:20 - Updating port to 8061
2024-12-23 16:45:20 - HHH000026: Second-level cache disabled
2024-12-23 16:45:20 - Starting ReviewServiceApplication using Java 21.0.3 with PID 22932 (D:\Projects\project-GijsRommers\backend-java\ExamenProject\review-service\target\classes started by gijsr in D:\Projects\project-GijsRommers\backend-java\ExamenProject)
2024-12-23 16:45:20 - No active profile set, falling back to 1 default profile: "default"
2024-12-23 16:45:20 - Started DiscoveryServiceApplication in 3.869 seconds (process running for 4.511)
2024-12-23 16:45:20 - Fetching config from server at : http://localhost:8088/
2024-12-23 16:45:20 - Located environment: name=review-service, profiles=[default], label=null, version=null, state=null
2024-12-23 16:45:21 - Initializing Spring DispatcherServlet 'dispatcherServlet'
2024-12-23 16:45:21 - Initializing Servlet 'dispatcherServlet'
2024-12-23 16:45:21 - Completed initialization in 2 ms
2024-12-23 16:45:21 - No LoadTimeWeaver setup: ignoring JPA class transformer
2024-12-23 16:45:21 - HHH10001005: Database info:
	Database JDBC URL [Connecting through datasource 'HikariDataSource (HikariPool-1)']
	Database driver: undefined/unknown
	Database version: 17.2
	Autocommit mode: undefined/unknown
	Isolation level: undefined/unknown
	Minimum pool size: undefined/unknown
	Maximum pool size: undefined/unknown
2024-12-23 16:45:21 - Bootstrapping Spring Data JPA repositories in DEFAULT mode.
2024-12-23 16:45:21 - Finished Spring Data repository scanning in 9 ms. Found 0 JPA repository interfaces.
2024-12-23 16:45:21 - HHH000489: No JTA platform available (set 'hibernate.transaction.jta.platform' to enable JTA platform integration)
2024-12-23 16:45:21 - Initialized JPA EntityManagerFactory for persistence unit 'default'
2024-12-23 16:45:21 - spring.jpa.open-in-view is enabled by default. Therefore, database queries may be performed during view rendering. Explicitly configure spring.jpa.open-in-view to disable this warning
2024-12-23 16:45:21 - BeanFactory id=c647287c-be24-3b73-8489-e2964fff2332
2024-12-23 16:45:21 - Eureka HTTP Client uses RestTemplate.
2024-12-23 16:45:21 - Spring Cloud LoadBalancer is currently working with the default cache. While this cache implementation is useful for development and tests, it's recommended to use Caffeine cache in production.You can switch to using Caffeine cache, by adding it and org.springframework.cache.caffeine.CaffeineCacheManager to the classpath.
2024-12-23 16:45:21 - Tomcat initialized with port 8081 (http)
2024-12-23 16:45:22 - Initializing ProtocolHandler ["http-nio-8081"]
2024-12-23 16:45:22 - Starting service [Tomcat]
2024-12-23 16:45:22 - Starting Servlet engine: [Apache Tomcat/10.1.34]
2024-12-23 16:45:22 - Setting initial instance status as: STARTING
2024-12-23 16:45:22 - Initializing Eureka in region us-east-1
2024-12-23 16:45:22 - Resolving eureka endpoints via configuration
2024-12-23 16:45:22 - Disable delta property : false
2024-12-23 16:45:22 - Single vip registry refresh property : null
2024-12-23 16:45:22 - Force full registry fetch : false
2024-12-23 16:45:22 - Application is null : false
2024-12-23 16:45:22 - Registered Applications size is zero : true
2024-12-23 16:45:22 - Application version is -1: true
2024-12-23 16:45:22 - Getting all instance registry info from the eureka server
2024-12-23 16:45:22 - Initializing Spring embedded WebApplicationContext
2024-12-23 16:45:22 - Root WebApplicationContext: initialization completed in 1217 ms
2024-12-23 16:45:22 - HikariPool-1 - Starting...
2024-12-23 16:45:22 - Adding property source: Config resource 'class path resource [config/gateway-service.yml]' via location 'optional:classpath:/config/'
2024-12-23 16:45:22 - HikariPool-1 - Added connection org.postgresql.jdbc.PgConnection@279c4e3b
2024-12-23 16:45:22 - HikariPool-1 - Start completed.
2024-12-23 16:45:22 - HHH000204: Processing PersistenceUnitInfo [name: default]
2024-12-23 16:45:22 - HHH000412: Hibernate ORM core version 6.6.4.Final
2024-12-23 16:45:22 - The response status is 200
2024-12-23 16:45:22 - Starting heartbeat executor: renew interval is: 30
2024-12-23 16:45:22 - InstanceInfoReplicator onDemand update allowed rate per min is 4
2024-12-23 16:45:22 - Discovery Client initialized at timestamp 1734968722380 with initial instances count: 0
2024-12-23 16:45:22 - HHH000026: Second-level cache disabled
2024-12-23 16:45:22 - Registering application POST-SERVICE with eureka with status UP
2024-12-23 16:45:22 - Saw local status change event StatusChangeEvent [timestamp=1734968722384, current=UP, previous=STARTING]
2024-12-23 16:45:22 - Starting ProtocolHandler ["http-nio-8080"]
2024-12-23 16:45:22 - DiscoveryClient_POST-SERVICE/host.docker.internal:post-service:8080: registering service...
2024-12-23 16:45:22 - Tomcat started on port 8080 (http) with context path '/'
2024-12-23 16:45:22 - Updating port to 8080
2024-12-23 16:45:22 - Started PostServiceApplication in 3.949 seconds (process running for 4.596)
2024-12-23 16:45:22 - HV000001: Hibernate Validator 8.0.2.Final
2024-12-23 16:45:22 - Registered instance POST-SERVICE/host.docker.internal:post-service:8080 with status UP (replication=false)
2024-12-23 16:45:22 - Starting GatewayServiceApplication using Java 21.0.3 with PID 20636 (D:\Projects\project-GijsRommers\backend-java\ExamenProject\gateway-service\target\classes started by gijsr in D:\Projects\project-GijsRommers\backend-java\ExamenProject)
2024-12-23 16:45:22 - No active profile set, falling back to 1 default profile: "default"
2024-12-23 16:45:22 - DiscoveryClient_POST-SERVICE/host.docker.internal:post-service:8080 - registration status: 204
2024-12-23 16:45:22 - Fetching config from server at : http://localhost:8088/
2024-12-23 16:45:22 - Located environment: name=gateway-service, profiles=[default], label=null, version=null, state=null
2024-12-23 16:45:22 - No LoadTimeWeaver setup: ignoring JPA class transformer
2024-12-23 16:45:22 - HHH10001005: Database info:
	Database JDBC URL [Connecting through datasource 'HikariDataSource (HikariPool-1)']
	Database driver: undefined/unknown
	Database version: 17.2
	Autocommit mode: undefined/unknown
	Isolation level: undefined/unknown
	Minimum pool size: undefined/unknown
	Maximum pool size: undefined/unknown
2024-12-23 16:45:22 - HHH000489: No JTA platform available (set 'hibernate.transaction.jta.platform' to enable JTA platform integration)
2024-12-23 16:45:22 - Initialized JPA EntityManagerFactory for persistence unit 'default'
2024-12-23 16:45:22 - spring.jpa.open-in-view is enabled by default. Therefore, database queries may be performed during view rendering. Explicitly configure spring.jpa.open-in-view to disable this warning
2024-12-23 16:45:23 - BeanFactory id=db6c2eb3-6621-3909-82b8-625563d29b11
2024-12-23 16:45:23 - Tomcat initialized with port 8083 (http)
2024-12-23 16:45:23 - Initializing ProtocolHandler ["http-nio-8083"]
2024-12-23 16:45:23 - Starting service [Tomcat]
2024-12-23 16:45:23 - Starting Servlet engine: [Apache Tomcat/10.1.34]
2024-12-23 16:45:23 - Eureka HTTP Client uses RestTemplate.
2024-12-23 16:45:23 - Spring Cloud LoadBalancer is currently working with the default cache. While this cache implementation is useful for development and tests, it's recommended to use Caffeine cache in production.You can switch to using Caffeine cache, by adding it and org.springframework.cache.caffeine.CaffeineCacheManager to the classpath.
2024-12-23 16:45:23 - Setting initial instance status as: STARTING
2024-12-23 16:45:23 - Initializing Eureka in region us-east-1
2024-12-23 16:45:23 - Resolving eureka endpoints via configuration
2024-12-23 16:45:23 - Disable delta property : false
2024-12-23 16:45:23 - Single vip registry refresh property : null
2024-12-23 16:45:23 - Force full registry fetch : false
2024-12-23 16:45:23 - Application is null : false
2024-12-23 16:45:23 - Registered Applications size is zero : true
2024-12-23 16:45:23 - Application version is -1: true
2024-12-23 16:45:23 - Getting all instance registry info from the eureka server
2024-12-23 16:45:23 - The response status is 200
2024-12-23 16:45:23 - Starting heartbeat executor: renew interval is: 30
2024-12-23 16:45:23 - InstanceInfoReplicator onDemand update allowed rate per min is 4
2024-12-23 16:45:23 - Discovery Client initialized at timestamp 1734968723634 with initial instances count: 0
2024-12-23 16:45:23 - Registering application REVIEW-SERVICE with eureka with status UP
2024-12-23 16:45:23 - Saw local status change event StatusChangeEvent [timestamp=1734968723638, current=UP, previous=STARTING]
2024-12-23 16:45:23 - Starting ProtocolHandler ["http-nio-8081"]
2024-12-23 16:45:23 - DiscoveryClient_REVIEW-SERVICE/host.docker.internal:review-service:8081: registering service...
2024-12-23 16:45:23 - Tomcat started on port 8081 (http) with context path '/'
2024-12-23 16:45:23 - Updating port to 8081
2024-12-23 16:45:23 - Started ReviewServiceApplication in 3.654 seconds (process running for 4.326)
2024-12-23 16:45:23 - Registered instance REVIEW-SERVICE/host.docker.internal:review-service:8081 with status UP (replication=false)
2024-12-23 16:45:23 - DiscoveryClient_REVIEW-SERVICE/host.docker.internal:review-service:8081 - registration status: 204
2024-12-23 16:45:23 - Loaded RoutePredicateFactory [After]
2024-12-23 16:45:23 - Loaded RoutePredicateFactory [Before]
2024-12-23 16:45:23 - Loaded RoutePredicateFactory [Between]
2024-12-23 16:45:23 - Loaded RoutePredicateFactory [Cookie]
2024-12-23 16:45:23 - Loaded RoutePredicateFactory [Header]
2024-12-23 16:45:23 - Loaded RoutePredicateFactory [Host]
2024-12-23 16:45:23 - Loaded RoutePredicateFactory [Method]
2024-12-23 16:45:23 - Loaded RoutePredicateFactory [Path]
2024-12-23 16:45:23 - Loaded RoutePredicateFactory [Query]
2024-12-23 16:45:23 - Loaded RoutePredicateFactory [ReadBody]
2024-12-23 16:45:23 - Loaded RoutePredicateFactory [RemoteAddr]
2024-12-23 16:45:23 - Loaded RoutePredicateFactory [XForwardedRemoteAddr]
2024-12-23 16:45:23 - Loaded RoutePredicateFactory [Weight]
2024-12-23 16:45:23 - Loaded RoutePredicateFactory [CloudFoundryRouteService]
2024-12-23 16:45:23 - Eureka HTTP Client uses RestTemplate.
2024-12-23 16:45:23 - Spring Cloud LoadBalancer is currently working with the default cache. While this cache implementation is useful for development and tests, it's recommended to use Caffeine cache in production.You can switch to using Caffeine cache, by adding it and org.springframework.cache.caffeine.CaffeineCacheManager to the classpath.
2024-12-23 16:45:23 - Setting initial instance status as: STARTING
2024-12-23 16:45:23 - Initializing Eureka in region us-east-1
2024-12-23 16:45:23 - Resolving eureka endpoints via configuration
2024-12-23 16:45:23 - Disable delta property : false
2024-12-23 16:45:23 - Single vip registry refresh property : null
2024-12-23 16:45:23 - Force full registry fetch : false
2024-12-23 16:45:23 - Application is null : false
2024-12-23 16:45:23 - Registered Applications size is zero : true
2024-12-23 16:45:23 - Application version is -1: true
2024-12-23 16:45:23 - Getting all instance registry info from the eureka server
2024-12-23 16:45:24 - The response status is 200
2024-12-23 16:45:24 - Starting heartbeat executor: renew interval is: 30
2024-12-23 16:45:24 - InstanceInfoReplicator onDemand update allowed rate per min is 4
2024-12-23 16:45:24 - Discovery Client initialized at timestamp 1734968724168 with initial instances count: 0
2024-12-23 16:45:24 - Registering application GATEWAY-SERVICE with eureka with status UP
2024-12-23 16:45:24 - Saw local status change event StatusChangeEvent [timestamp=1734968724171, current=UP, previous=STARTING]
2024-12-23 16:45:24 - DiscoveryClient_GATEWAY-SERVICE/host.docker.internal:gateway-service:8083: registering service...
2024-12-23 16:45:24 - Registered instance GATEWAY-SERVICE/host.docker.internal:gateway-service:8083 with status UP (replication=false)
2024-12-23 16:45:24 - DiscoveryClient_GATEWAY-SERVICE/host.docker.internal:gateway-service:8083 - registration status: 204
2024-12-23 16:45:24 - Starting ProtocolHandler ["http-nio-8083"]
2024-12-23 16:45:24 - Tomcat started on port 8083 (http)
2024-12-23 16:45:24 - Updating port to 8083
2024-12-23 16:45:24 - Started GatewayServiceApplication in 2.642 seconds (process running for 3.339)
2024-12-23 16:45:30 - Adding property source: Config resource 'class path resource [config/comment-service.properties]' via location 'optional:classpath:/config/'
2024-12-23 16:45:31 - Starting CommentServiceApplication using Java 21.0.3 with PID 14428 (D:\Projects\project-GijsRommers\backend-java\ExamenProject\comment-service\target\classes started by gijsr in D:\Projects\project-GijsRommers\backend-java\ExamenProject)
2024-12-23 16:45:31 - No active profile set, falling back to 1 default profile: "default"
2024-12-23 16:45:31 - Fetching config from server at : http://localhost:8088/
2024-12-23 16:45:31 - Located environment: name=comment-service, profiles=[default], label=null, version=null, state=null
2024-12-23 16:45:31 - Bootstrapping Spring Data JPA repositories in DEFAULT mode.
2024-12-23 16:45:31 - Finished Spring Data repository scanning in 8 ms. Found 0 JPA repository interfaces.
2024-12-23 16:45:31 - BeanFactory id=398e7a82-fd18-3118-909a-0793811e45c1
2024-12-23 16:45:32 - Tomcat initialized with port 8082 (http)
2024-12-23 16:45:32 - Initializing ProtocolHandler ["http-nio-8082"]
2024-12-23 16:45:32 - Starting service [Tomcat]
2024-12-23 16:45:32 - Starting Servlet engine: [Apache Tomcat/10.1.34]
2024-12-23 16:45:32 - Initializing Spring embedded WebApplicationContext
2024-12-23 16:45:32 - Root WebApplicationContext: initialization completed in 942 ms
2024-12-23 16:45:32 - HikariPool-1 - Starting...
2024-12-23 16:45:32 - HikariPool-1 - Added connection org.postgresql.jdbc.PgConnection@69ba72da
2024-12-23 16:45:32 - HikariPool-1 - Start completed.
2024-12-23 16:45:32 - HHH000204: Processing PersistenceUnitInfo [name: default]
2024-12-23 16:45:32 - HHH000412: Hibernate ORM core version 6.6.4.Final
2024-12-23 16:45:32 - HHH000026: Second-level cache disabled
2024-12-23 16:45:32 - No LoadTimeWeaver setup: ignoring JPA class transformer
2024-12-23 16:45:32 - HHH10001005: Database info:
	Database JDBC URL [Connecting through datasource 'HikariDataSource (HikariPool-1)']
	Database driver: undefined/unknown
	Database version: 17.2
	Autocommit mode: undefined/unknown
	Isolation level: undefined/unknown
	Minimum pool size: undefined/unknown
	Maximum pool size: undefined/unknown
2024-12-23 16:45:32 - HHH000489: No JTA platform available (set 'hibernate.transaction.jta.platform' to enable JTA platform integration)
2024-12-23 16:45:32 - Initialized JPA EntityManagerFactory for persistence unit 'default'
2024-12-23 16:45:32 - spring.jpa.open-in-view is enabled by default. Therefore, database queries may be performed during view rendering. Explicitly configure spring.jpa.open-in-view to disable this warning
2024-12-23 16:45:33 - Eureka HTTP Client uses RestTemplate.
2024-12-23 16:45:33 - Spring Cloud LoadBalancer is currently working with the default cache. While this cache implementation is useful for development and tests, it's recommended to use Caffeine cache in production.You can switch to using Caffeine cache, by adding it and org.springframework.cache.caffeine.CaffeineCacheManager to the classpath.
2024-12-23 16:45:33 - Setting initial instance status as: STARTING
2024-12-23 16:45:33 - Initializing Eureka in region us-east-1
2024-12-23 16:45:33 - Resolving eureka endpoints via configuration
2024-12-23 16:45:33 - Disable delta property : false
2024-12-23 16:45:33 - Single vip registry refresh property : null
2024-12-23 16:45:33 - Force full registry fetch : false
2024-12-23 16:45:33 - Application is null : false
2024-12-23 16:45:33 - Registered Applications size is zero : true
2024-12-23 16:45:33 - Application version is -1: true
2024-12-23 16:45:33 - Getting all instance registry info from the eureka server
2024-12-23 16:45:33 - The response status is 200
2024-12-23 16:45:33 - Starting heartbeat executor: renew interval is: 30
2024-12-23 16:45:33 - InstanceInfoReplicator onDemand update allowed rate per min is 4
2024-12-23 16:45:33 - Discovery Client initialized at timestamp 1734968733548 with initial instances count: 3
2024-12-23 16:45:33 - Registering application COMMENT-SERVICE with eureka with status UP
2024-12-23 16:45:33 - Saw local status change event StatusChangeEvent [timestamp=1734968733551, current=UP, previous=STARTING]
2024-12-23 16:45:33 - DiscoveryClient_COMMENT-SERVICE/host.docker.internal:comment-service:8082: registering service...
2024-12-23 16:45:33 - Starting ProtocolHandler ["http-nio-8082"]
2024-12-23 16:45:33 - Tomcat started on port 8082 (http) with context path '/'
2024-12-23 16:45:33 - Updating port to 8082
2024-12-23 16:45:33 - Started CommentServiceApplication in 3.144 seconds (process running for 3.721)
2024-12-23 16:45:33 - Registered instance COMMENT-SERVICE/host.docker.internal:comment-service:8082 with status UP (replication=false)
2024-12-23 16:45:33 - DiscoveryClient_COMMENT-SERVICE/host.docker.internal:comment-service:8082 - registration status: 204
2024-12-23 16:45:52 - Disable delta property : false
2024-12-23 16:45:52 - Single vip registry refresh property : null
2024-12-23 16:45:52 - Force full registry fetch : false
2024-12-23 16:45:52 - Application is null : false
2024-12-23 16:45:52 - Registered Applications size is zero : true
2024-12-23 16:45:52 - Application version is -1: false
2024-12-23 16:45:52 - Getting all instance registry info from the eureka server
2024-12-23 16:45:52 - The response status is 200
2024-12-23 16:45:53 - Disable delta property : false
2024-12-23 16:45:53 - Single vip registry refresh property : null
2024-12-23 16:45:53 - Force full registry fetch : false
2024-12-23 16:45:53 - Application is null : false
2024-12-23 16:45:53 - Registered Applications size is zero : true
2024-12-23 16:45:53 - Application version is -1: false
2024-12-23 16:45:53 - Getting all instance registry info from the eureka server
2024-12-23 16:45:53 - The response status is 200
2024-12-23 16:45:54 - Disable delta property : false
2024-12-23 16:45:54 - Single vip registry refresh property : null
2024-12-23 16:45:54 - Force full registry fetch : false
2024-12-23 16:45:54 - Application is null : false
2024-12-23 16:45:54 - Registered Applications size is zero : true
2024-12-23 16:45:54 - Application version is -1: false
2024-12-23 16:45:54 - Getting all instance registry info from the eureka server
2024-12-23 16:45:54 - The response status is 200
2024-12-23 16:46:20 - Running the evict task with compensationTime 0ms
2024-12-23 16:47:20 - Running the evict task with compensationTime 7ms
2024-12-23 16:48:20 - Running the evict task with compensationTime 1ms
2024-12-23 16:49:20 - Running the evict task with compensationTime 4ms
2024-12-23 16:50:20 - Running the evict task with compensationTime 10ms
2024-12-23 16:50:22 - Resolving eureka endpoints via configuration
2024-12-23 16:50:23 - Resolving eureka endpoints via configuration
2024-12-23 16:50:24 - Resolving eureka endpoints via configuration
2024-12-23 16:50:33 - Resolving eureka endpoints via configuration
2024-12-23 16:51:20 - Running the evict task with compensationTime 0ms
2024-12-23 16:52:20 - Running the evict task with compensationTime 8ms
2024-12-23 16:53:20 - Running the evict task with compensationTime 1ms
2024-12-23 16:54:20 - Running the evict task with compensationTime 6ms
2024-12-23 16:55:20 - The replica size seems to be empty. Check the route 53 DNS Registry
2024-12-23 16:55:20 - Running the evict task with compensationTime 12ms
2024-12-23 16:55:22 - Resolving eureka endpoints via configuration
2024-12-23 16:55:23 - Resolving eureka endpoints via configuration
2024-12-23 16:55:24 - Resolving eureka endpoints via configuration
2024-12-23 16:55:33 - Resolving eureka endpoints via configuration
